<?xml version="1.0" encoding="UTF-8"?>
<testsuites>
  <testsuite name="tests" tests="57" assertions="50" errors="7" failures="3" skipped="0" time="2.051799">
    <testsuite name="appregistControllerTest" file="/var/www/html/uklogin/tests/appregist_controller_Test.php" tests="11" assertions="11" errors="0" failures="0" skipped="0" time="0.580233">
      <testcase name="test_start" class="appregistControllerTest" classname="appregistControllerTest" file="/var/www/html/uklogin/tests/appregist_controller_Test.php" line="29" assertions="1" time="0.005680"/>
      <testcase name="test_save_domainEmpty" class="appregistControllerTest" classname="appregistControllerTest" file="/var/www/html/uklogin/tests/appregist_controller_Test.php" line="36" assertions="1" time="0.002576"/>
      <testcase name="test_save_ok" class="appregistControllerTest" classname="appregistControllerTest" file="/var/www/html/uklogin/tests/appregist_controller_Test.php" line="55" assertions="1" time="0.269530"/>
      <testcase name="test_adminlogin" class="appregistControllerTest" classname="appregistControllerTest" file="/var/www/html/uklogin/tests/appregist_controller_Test.php" line="74" assertions="1" time="0.000791"/>
      <testcase name="test_doadminlogin_OK" class="appregistControllerTest" classname="appregistControllerTest" file="/var/www/html/uklogin/tests/appregist_controller_Test.php" line="81" assertions="1" time="0.066006"/>
      <testcase name="test_doadminlogin_INVALID_PSW" class="appregistControllerTest" classname="appregistControllerTest" file="/var/www/html/uklogin/tests/appregist_controller_Test.php" line="97" assertions="1" time="0.047778"/>
      <testcase name="test_doadminlogin_INVALID_NICK" class="appregistControllerTest" classname="appregistControllerTest" file="/var/www/html/uklogin/tests/appregist_controller_Test.php" line="113" assertions="1" time="0.040328"/>
      <testcase name="test_doadminlogin_INVALID_CLINET_ID" class="appregistControllerTest" classname="appregistControllerTest" file="/var/www/html/uklogin/tests/appregist_controller_Test.php" line="129" assertions="1" time="0.039692"/>
      <testcase name="test_appremove_OK" class="appregistControllerTest" classname="appregistControllerTest" file="/var/www/html/uklogin/tests/appregist_controller_Test.php" line="145" assertions="1" time="0.105161"/>
      <testcase name="test_appremove_NOTFOUND" class="appregistControllerTest" classname="appregistControllerTest" file="/var/www/html/uklogin/tests/appregist_controller_Test.php" line="159" assertions="1" time="0.001989"/>
      <testcase name="test_end" class="appregistControllerTest" classname="appregistControllerTest" file="/var/www/html/uklogin/tests/appregist_controller_Test.php" line="168" assertions="1" time="0.000701"/>
    </testsuite>
    <testsuite name="appregistModelTest" file="/var/www/html/uklogin/tests/appregist_model_Test.php" tests="23" assertions="23" errors="0" failures="0" skipped="0" time="0.835027">
      <testcase name="test_start" class="appregistModelTest" classname="appregistModelTest" file="/var/www/html/uklogin/tests/appregist_model_Test.php" line="28" assertions="1" time="0.000691"/>
      <testcase name="test_check_domain_empty" class="appregistModelTest" classname="appregistModelTest" file="/var/www/html/uklogin/tests/appregist_model_Test.php" line="35" assertions="1" time="0.001811"/>
      <testcase name="test_check_domain_invalid" class="appregistModelTest" classname="appregistModelTest" file="/var/www/html/uklogin/tests/appregist_model_Test.php" line="50" assertions="1" time="0.001093"/>
      <testcase name="test_check_daomain_exists" class="appregistModelTest" classname="appregistModelTest" file="/var/www/html/uklogin/tests/appregist_model_Test.php" line="65" assertions="1" time="0.000965"/>
      <testcase name="test_check_name_empty" class="appregistModelTest" classname="appregistModelTest" file="/var/www/html/uklogin/tests/appregist_model_Test.php" line="80" assertions="1" time="0.000980"/>
      <testcase name="test_check_callback_empty" class="appregistModelTest" classname="appregistModelTest" file="/var/www/html/uklogin/tests/appregist_model_Test.php" line="95" assertions="1" time="0.000944"/>
      <testcase name="test_check_callback_invalid" class="appregistModelTest" classname="appregistModelTest" file="/var/www/html/uklogin/tests/appregist_model_Test.php" line="110" assertions="1" time="0.000948"/>
      <testcase name="test_check_callback_not_in_domain" class="appregistModelTest" classname="appregistModelTest" file="/var/www/html/uklogin/tests/appregist_model_Test.php" line="125" assertions="1" time="0.000957"/>
      <testcase name="test_check_css_invalid" class="appregistModelTest" classname="appregistModelTest" file="/var/www/html/uklogin/tests/appregist_model_Test.php" line="142" assertions="1" time="0.000965"/>
      <testcase name="test_check_admin_empty" class="appregistModelTest" classname="appregistModelTest" file="/var/www/html/uklogin/tests/appregist_model_Test.php" line="157" assertions="1" time="0.000966"/>
      <testcase name="test_check_psw_empty" class="appregistModelTest" classname="appregistModelTest" file="/var/www/html/uklogin/tests/appregist_model_Test.php" line="172" assertions="1" time="0.000947"/>
      <testcase name="test_check_psw_invalid" class="appregistModelTest" classname="appregistModelTest" file="/var/www/html/uklogin/tests/appregist_model_Test.php" line="187" assertions="1" time="0.001248"/>
      <testcase name="test_check_uklogin_html__not_exist" class="appregistModelTest" classname="appregistModelTest" file="/var/www/html/uklogin/tests/appregist_model_Test.php" line="202" assertions="1" time="0.056756"/>
      <testcase name="test_check_dataProcess_not_accept" class="appregistModelTest" classname="appregistModelTest" file="/var/www/html/uklogin/tests/appregist_model_Test.php" line="217" assertions="1" time="0.097665"/>
      <testcase name="test_check_cookieProcess_not_accept" class="appregistModelTest" classname="appregistModelTest" file="/var/www/html/uklogin/tests/appregist_model_Test.php" line="233" assertions="1" time="0.095136"/>
      <testcase name="test_check_ok" class="appregistModelTest" classname="appregistModelTest" file="/var/www/html/uklogin/tests/appregist_model_Test.php" line="249" assertions="1" time="0.093741"/>
      <testcase name="test_save_new_ok" class="appregistModelTest" classname="appregistModelTest" file="/var/www/html/uklogin/tests/appregist_model_Test.php" line="265" assertions="1" time="0.236302"/>
      <testcase name="test_save_insert_notok" class="appregistModelTest" classname="appregistModelTest" file="/var/www/html/uklogin/tests/appregist_model_Test.php" line="285" assertions="1" time="0.002228"/>
      <testcase name="test_save_update_ok" class="appregistModelTest" classname="appregistModelTest" file="/var/www/html/uklogin/tests/appregist_model_Test.php" line="303" assertions="1" time="0.195199"/>
      <testcase name="test_save_update_notok" class="appregistModelTest" classname="appregistModelTest" file="/var/www/html/uklogin/tests/appregist_model_Test.php" line="322" assertions="1" time="0.002999"/>
      <testcase name="test_remove_notfound" class="appregistModelTest" classname="appregistModelTest" file="/var/www/html/uklogin/tests/appregist_model_Test.php" line="340" assertions="1" time="0.003721"/>
      <testcase name="test_remove_ok" class="appregistModelTest" classname="appregistModelTest" file="/var/www/html/uklogin/tests/appregist_model_Test.php" line="348" assertions="1" time="0.035870"/>
      <testcase name="test_end" class="appregistModelTest" classname="appregistModelTest" file="/var/www/html/uklogin/tests/appregist_model_Test.php" line="356" assertions="1" time="0.002894"/>
    </testsuite>
    <testsuite name="oauth2ControllerTest" file="/var/www/html/uklogin/tests/oauth2_controller_Test.php" tests="23" assertions="16" errors="7" failures="3" skipped="0" time="0.636539">
      <testcase name="test_start" class="oauth2ControllerTest" classname="oauth2ControllerTest" file="/var/www/html/uklogin/tests/oauth2_controller_Test.php" line="30" assertions="1" time="0.000695"/>
      <testcase name="test_registform_notfound" class="oauth2ControllerTest" classname="oauth2ControllerTest" file="/var/www/html/uklogin/tests/oauth2_controller_Test.php" line="43" assertions="1" time="0.001229"/>
      <testcase name="test_registform_ok" class="oauth2ControllerTest" classname="oauth2ControllerTest" file="/var/www/html/uklogin/tests/oauth2_controller_Test.php" line="49" assertions="1" time="0.036126"/>
      <testcase name="test_registform2_PDFNOTUPLOADED" class="oauth2ControllerTest" classname="oauth2ControllerTest" file="/var/www/html/uklogin/tests/oauth2_controller_Test.php" line="69" assertions="1" time="0.004345"/>
      <testcase name="test_registform2_OK" class="oauth2ControllerTest" classname="oauth2ControllerTest" file="/var/www/html/uklogin/tests/oauth2_controller_Test.php" line="78" assertions="1" time="0.251071"/>
      <testcase name="test_doregist_nickempty" class="oauth2ControllerTest" classname="oauth2ControllerTest" file="/var/www/html/uklogin/tests/oauth2_controller_Test.php" line="86" assertions="0" time="0.026575">
        <error type="PHPUnit\Framework\Error\Notice">oauth2ControllerTest::test_doregist_nickempty
Undefined property: stdClass::$forgetPswNick

/var/www/html/uklogin/controllers/oauth2.php:591
/var/www/html/uklogin/tests/oauth2_controller_Test.php:96
</error>
      </testcase>
      <testcase name="test_doregist_pswempty" class="oauth2ControllerTest" classname="oauth2ControllerTest" file="/var/www/html/uklogin/tests/oauth2_controller_Test.php" line="100" assertions="0" time="0.003175">
        <error type="PHPUnit\Framework\Error\Notice">oauth2ControllerTest::test_doregist_pswempty
Undefined property: stdClass::$forgetPswNick

/var/www/html/uklogin/controllers/oauth2.php:591
/var/www/html/uklogin/tests/oauth2_controller_Test.php:110
</error>
      </testcase>
      <testcase name="test_doregist_pswinvalid" class="oauth2ControllerTest" classname="oauth2ControllerTest" file="/var/www/html/uklogin/tests/oauth2_controller_Test.php" line="114" assertions="0" time="0.002497">
        <error type="PHPUnit\Framework\Error\Notice">oauth2ControllerTest::test_doregist_pswinvalid
Undefined property: stdClass::$forgetPswNick

/var/www/html/uklogin/controllers/oauth2.php:591
/var/www/html/uklogin/tests/oauth2_controller_Test.php:124
</error>
      </testcase>
      <testcase name="test_doregist_2pswnotequeals" class="oauth2ControllerTest" classname="oauth2ControllerTest" file="/var/www/html/uklogin/tests/oauth2_controller_Test.php" line="128" assertions="0" time="0.002344">
        <error type="PHPUnit\Framework\Error\Notice">oauth2ControllerTest::test_doregist_2pswnotequeals
Undefined property: stdClass::$forgetPswNick

/var/www/html/uklogin/controllers/oauth2.php:591
/var/www/html/uklogin/tests/oauth2_controller_Test.php:138
</error>
      </testcase>
      <testcase name="test_doregist_nickexists" class="oauth2ControllerTest" classname="oauth2ControllerTest" file="/var/www/html/uklogin/tests/oauth2_controller_Test.php" line="142" assertions="0" time="0.034663">
        <error type="PHPUnit\Framework\Error\Notice">oauth2ControllerTest::test_doregist_nickexists
Undefined property: stdClass::$forgetPswNick

/var/www/html/uklogin/controllers/oauth2.php:591
/var/www/html/uklogin/tests/oauth2_controller_Test.php:161
</error>
      </testcase>
      <testcase name="test_doregist_signexists" class="oauth2ControllerTest" classname="oauth2ControllerTest" file="/var/www/html/uklogin/tests/oauth2_controller_Test.php" line="165" assertions="0" time="0.040780">
        <error type="PHPUnit\Framework\Error\Notice">oauth2ControllerTest::test_doregist_signexists
Undefined property: stdClass::$forgetPswNick

/var/www/html/uklogin/controllers/oauth2.php:591
/var/www/html/uklogin/tests/oauth2_controller_Test.php:182
</error>
      </testcase>
      <testcase name="test_doregist_ok" class="oauth2ControllerTest" classname="oauth2ControllerTest" file="/var/www/html/uklogin/tests/oauth2_controller_Test.php" line="186" assertions="0" time="0.004146">
        <error type="PHPUnit\Framework\Error\Notice">oauth2ControllerTest::test_doregist_ok
Undefined property: stdClass::$forgetPswNick

/var/www/html/uklogin/controllers/oauth2.php:591
/var/www/html/uklogin/tests/oauth2_controller_Test.php:196
</error>
      </testcase>
      <testcase name="test_forgetpsw_ok" class="oauth2ControllerTest" classname="oauth2ControllerTest" file="/var/www/html/uklogin/tests/oauth2_controller_Test.php" line="200" assertions="1" time="0.001432"/>
      <testcase name="test_changepsw_ok" class="oauth2ControllerTest" classname="oauth2ControllerTest" file="/var/www/html/uklogin/tests/oauth2_controller_Test.php" line="207" assertions="1" time="0.003802">
        <failure type="PHPUnit\Framework\ExpectationFailedException">oauth2ControllerTest::test_changepsw_ok
Failed asserting that '        &lt;body ng-app="app"&gt;\n
	    &lt;div class="errorMsg"&gt;\n
	    &lt;h2 class="alert alert-danger"&gt;\n
			ERROR_NOTFOUND&lt;br /&gt;	    &lt;/h2&gt;\n
	    &lt;/div&gt;\n
	            &lt;/body&gt;\n
        &lt;/html&gt;\n
        ' matches PCRE pattern "/LBL_NEW_PSW/".

</failure>
      </testcase>
      <testcase name="test_mydata_ok" class="oauth2ControllerTest" classname="oauth2ControllerTest" file="/var/www/html/uklogin/tests/oauth2_controller_Test.php" line="216" assertions="1" time="0.003572">
        <failure type="PHPUnit\Framework\ExpectationFailedException">oauth2ControllerTest::test_mydata_ok
Failed asserting that '        &lt;body ng-app="app"&gt;\n
	    &lt;div class="errorMsg"&gt;\n
	    &lt;h2 class="alert alert-danger"&gt;\n
			ERROR_NOTFOUND&lt;br /&gt;	    &lt;/h2&gt;\n
	    &lt;/div&gt;\n
	            &lt;/body&gt;\n
        &lt;/html&gt;\n
        ' matches PCRE pattern "/"testelek"/".

</failure>
      </testcase>
      <testcase name="test_loginform_falsclient_id" class="oauth2ControllerTest" classname="oauth2ControllerTest" file="/var/www/html/uklogin/tests/oauth2_controller_Test.php" line="225" assertions="1" time="0.001332"/>
      <testcase name="test_loginform_ok" class="oauth2ControllerTest" classname="oauth2ControllerTest" file="/var/www/html/uklogin/tests/oauth2_controller_Test.php" line="231" assertions="1" time="0.001346"/>
      <testcase name="test_dologin_invalidNick" class="oauth2ControllerTest" classname="oauth2ControllerTest" file="/var/www/html/uklogin/tests/oauth2_controller_Test.php" line="237" assertions="1" time="0.002415"/>
      <testcase name="test_dologin_invalidPsw" class="oauth2ControllerTest" classname="oauth2ControllerTest" file="/var/www/html/uklogin/tests/oauth2_controller_Test.php" line="246" assertions="1" time="0.002168"/>
      <testcase name="test_dologin_ok" class="oauth2ControllerTest" classname="oauth2ControllerTest" file="/var/www/html/uklogin/tests/oauth2_controller_Test.php" line="256" assertions="1" time="0.002369">
        <failure type="PHPUnit\Framework\ExpectationFailedException">oauth2ControllerTest::test_dologin_ok
Failed asserting that '        &lt;body ng-app="app"&gt;\n
	    &lt;div id="loginForm"&gt;\n
		    &lt;h2&gt;test123&lt;/h2&gt;\n
		    		    	&lt;p class="alert alert-danger"&gt;\n
		    	INVALID_LOGIN&lt;br /&gt;10&lt;br /&gt;		    	&lt;/p&gt;\n
		    			&lt;form name="formLogin" id="formLogin" \n
				action="/index.php" method="post" \n
				target="_self"&gt;\n
				&lt;input type="hidden" name="option" id="option" value="oauth2" /&gt;\n
				&lt;input type="hidden" name="task" id="task" value="dologin" /&gt;\n
				&lt;input type="hidden" name="testCsrToken" value="1" /&gt;\n
				&lt;p&gt;\n
					&lt;label&gt;USER&lt;/label&gt;\n
					&lt;input type="text" name="nick" value=""\n
					   value="?&gt;" /&gt;\n
				&lt;/p&gt;\n
				&lt;p&gt;\n
					&lt;label&gt;LBL_PSW3&lt;/label&gt;\n
					&lt;input type="password" name="psw1" value="" /&gt;\n
				&lt;/p&gt;\n
				&lt;p&gt;\n
					&lt;button type="submit" class="btn btn-primary"&gt;LOGIN&lt;/button&gt;\n
				&lt;/p&gt;\n
				&lt;p&gt;\n
				&lt;a href="/oauth2/registform/client_id/123"\n
					target="_self"&gt;\n
					NOTMYACCOUNT				&lt;/a&gt;&lt;br /&gt;\n
				&lt;a style="cursor:pointer" onclick="$('#task').val('forgetpsw'); $('#formLogin').submit();"&gt;\n
					FORGET_PSW				&lt;/a&gt;&lt;br /&gt;\n
				&lt;a style="cursor:pointer" onclick="$('#task').val('changepsw'); $('#formLogin').submit();"&gt;\n
					CHANGE_PSW				&lt;/a&gt;&lt;br /&gt;\n
				&lt;a style="cursor:pointer" onclick="$('#task').val('mydata'); $('#formLogin').submit();"&gt;\n
					MY_DATA				&lt;/a&gt;&lt;br /&gt;\n
				&lt;a style="cursor:pointer" onclick="$('#task').val('deleteaccount'); $('#formLogin').submit();"&gt;\n
					DELETE_ACCOUNT				&lt;/a&gt;&lt;br /&gt;\n
				&lt;/p&gt;\n
			&lt;/form&gt;		    \n
	    &lt;/div&gt;\n
		&lt;/body&gt;\n
        &lt;/html&gt;\n
        ' matches PCRE pattern "/headers sent/".

</failure>
      </testcase>
      <testcase name="test_access_token_ok" class="oauth2ControllerTest" classname="oauth2ControllerTest" file="/var/www/html/uklogin/tests/oauth2_controller_Test.php" line="266" assertions="1" time="0.107029"/>
      <testcase name="test_userinfo_ok" class="oauth2ControllerTest" classname="oauth2ControllerTest" file="/var/www/html/uklogin/tests/oauth2_controller_Test.php" line="294" assertions="1" time="0.037404"/>
      <testcase name="test_end" class="oauth2ControllerTest" classname="oauth2ControllerTest" file="/var/www/html/uklogin/tests/oauth2_controller_Test.php" line="301" assertions="1" time="0.066025"/>
    </testsuite>
  </testsuite>
</testsuites>
